Using pre-set license
Built from '2021.3/staging' branch; Version is '2021.3.20f1 (577897200b8b) revision 5732503'; Using compiler version '192829333'; Build Type 'Release'
OS: 'Windows 10  (10.0.19045) 64bit Professional' Language: 'zh' Physical Memory: 16265 MB
BatchMode: 1, IsHumanControllingUs: 0, StartBugReporterOnCrash: 0, Is64bit: 1, IsPro: 1

COMMAND LINE ARGUMENTS:
C:\Program Files\Unity\Hub\Editor\2021.3.20f1\Editor\Unity.exe
-adb2
-batchMode
-noUpm
-name
AssetImportWorker3
-projectPath
C:/Users/LCM/Desktop/ProjectFile/TestURP
-logFile
Logs/AssetImportWorker3.log
-srvPort
64818
Successfully changed project path to: C:/Users/LCM/Desktop/ProjectFile/TestURP
C:/Users/LCM/Desktop/ProjectFile/TestURP
[UnityMemory] Configuration Parameters - Can be set up in boot.config
    "memorysetup-bucket-allocator-granularity=16"
    "memorysetup-bucket-allocator-bucket-count=8"
    "memorysetup-bucket-allocator-block-size=33554432"
    "memorysetup-bucket-allocator-block-count=8"
    "memorysetup-main-allocator-block-size=16777216"
    "memorysetup-thread-allocator-block-size=16777216"
    "memorysetup-gfx-main-allocator-block-size=16777216"
    "memorysetup-gfx-thread-allocator-block-size=16777216"
    "memorysetup-cache-allocator-block-size=4194304"
    "memorysetup-typetree-allocator-block-size=2097152"
    "memorysetup-profiler-bucket-allocator-granularity=16"
    "memorysetup-profiler-bucket-allocator-bucket-count=8"
    "memorysetup-profiler-bucket-allocator-block-size=33554432"
    "memorysetup-profiler-bucket-allocator-block-count=8"
    "memorysetup-profiler-allocator-block-size=16777216"
    "memorysetup-profiler-editor-allocator-block-size=1048576"
    "memorysetup-temp-allocator-size-main=16777216"
    "memorysetup-job-temp-allocator-block-size=2097152"
    "memorysetup-job-temp-allocator-block-size-background=1048576"
    "memorysetup-job-temp-allocator-reduction-small-platforms=262144"
    "memorysetup-temp-allocator-size-background-worker=32768"
    "memorysetup-temp-allocator-size-job-worker=262144"
    "memorysetup-temp-allocator-size-preload-manager=33554432"
    "memorysetup-temp-allocator-size-nav-mesh-worker=65536"
    "memorysetup-temp-allocator-size-audio-worker=65536"
    "memorysetup-temp-allocator-size-cloud-worker=32768"
    "memorysetup-temp-allocator-size-gi-baking-worker=262144"
    "memorysetup-temp-allocator-size-gfx=262144"
Player connection [2372] Host "[IP] 192.168.0.110 [Port] 0 [Flags] 2 [Guid] 942885714 [EditorId] 942885714 [Version] 1048832 [Id] WindowsEditor(7,DESKTOP-0SCNCAV) [Debug] 1 [PackageName] WindowsEditor [ProjectName] Editor" joined multi-casting on [225.0.0.222:54997]...

Player connection [2372] Host "[IP] 192.168.0.110 [Port] 0 [Flags] 2 [Guid] 942885714 [EditorId] 942885714 [Version] 1048832 [Id] WindowsEditor(7,DESKTOP-0SCNCAV) [Debug] 1 [PackageName] WindowsEditor [ProjectName] Editor" joined alternative multi-casting on [225.0.0.222:34997]...

Refreshing native plugins compatible for Editor in 133.12 ms, found 4 plugins.
Preloading 0 native plugins for Editor in 0.00 ms.
Initialize engine version: 2021.3.20f1 (577897200b8b)
[Subsystems] Discovering subsystems at path C:/Program Files/Unity/Hub/Editor/2021.3.20f1/Editor/Data/Resources/UnitySubsystems
[Subsystems] Discovering subsystems at path C:/Users/LCM/Desktop/ProjectFile/TestURP/Assets
GfxDevice: creating device client; threaded=0; jobified=0
Direct3D:
    Version:  Direct3D 11.0 [level 11.1]
    Renderer: NVIDIA GeForce RTX 3060 (ID=0x2487)
    Vendor:   NVIDIA
    VRAM:     12138 MB
    Driver:   30.0.14.7288
Initialize mono
Mono path[0] = 'C:/Program Files/Unity/Hub/Editor/2021.3.20f1/Editor/Data/Managed'
Mono path[1] = 'C:/Program Files/Unity/Hub/Editor/2021.3.20f1/Editor/Data/MonoBleedingEdge/lib/mono/unityjit-win32'
Mono config path = 'C:/Program Files/Unity/Hub/Editor/2021.3.20f1/Editor/Data/MonoBleedingEdge/etc'
Using monoOptions --debugger-agent=transport=dt_socket,embedding=1,server=y,suspend=n,address=127.0.0.1:56840
Begin MonoManager ReloadAssembly
Registering precompiled unity dll's ...
Register platform support module: C:/Program Files/Unity/Hub/Editor/2021.3.20f1/Editor/Data/PlaybackEngines/AndroidPlayer/UnityEditor.Android.Extensions.dll
Register platform support module: C:/Program Files/Unity/Hub/Editor/2021.3.20f1/Editor/Data/PlaybackEngines/WindowsStandaloneSupport/UnityEditor.WindowsStandalone.Extensions.dll
Registered in 0.015781 seconds.
Native extension for WindowsStandalone target not found
Native extension for Android target not found
Android Extension - Scanning For ADB Devices 351 ms
Refreshing native plugins compatible for Editor in 124.52 ms, found 4 plugins.
Preloading 0 native plugins for Editor in 0.00 ms.
Mono: successfully reloaded assembly
- Completed reload, in  1.018 seconds
Domain Reload Profiling:
	ReloadAssembly (1019ms)
		BeginReloadAssembly (79ms)
			ExecutionOrderSort (0ms)
			DisableScriptedObjects (0ms)
			BackupInstance (0ms)
			ReleaseScriptingObjects (0ms)
			CreateAndSetChildDomain (1ms)
		EndReloadAssembly (839ms)
			LoadAssemblies (77ms)
			RebuildTransferFunctionScriptingTraits (0ms)
			SetupTypeCache (124ms)
			ReleaseScriptCaches (0ms)
			RebuildScriptCaches (23ms)
			SetupLoadedEditorAssemblies (641ms)
				LogAssemblyErrors (0ms)
				InitializePlatformSupportModulesInManaged (408ms)
				SetLoadedEditorAssemblies (0ms)
				RefreshPlugins (125ms)
				BeforeProcessingInitializeOnLoad (1ms)
				ProcessInitializeOnLoadAttributes (73ms)
				ProcessInitializeOnLoadMethodAttributes (34ms)
				AfterProcessingInitializeOnLoad (0ms)
				EditorAssembliesLoaded (0ms)
			ExecutionOrderSort2 (0ms)
			AwakeInstancesAfterBackupRestoration (0ms)
Platform modules already initialized, skipping
Registering precompiled user dll's ...
Registered in 0.009957 seconds.
Begin MonoManager ReloadAssembly
Symbol file LoadedFromMemory doesn't match image C:\Users\LCM\Desktop\ProjectFile\TestURP\Library\PackageCache\com.unity.visualscripting@1.8.0\Editor\VisualScripting.Core\Dependencies\YamlDotNet\Unity.VisualScripting.YamlDotNet.dll
Symbol file LoadedFromMemory doesn't match image C:\Users\LCM\Desktop\ProjectFile\TestURP\Library\PackageCache\com.unity.visualscripting@1.8.0\Editor\VisualScripting.Core\Dependencies\DotNetZip\Unity.VisualScripting.IonicZip.dll
Native extension for WindowsStandalone target not found
Native extension for Android target not found
Refreshing native plugins compatible for Editor in 116.27 ms, found 4 plugins.
Preloading 0 native plugins for Editor in 0.00 ms.
Mono: successfully reloaded assembly
- Completed reload, in  1.473 seconds
Domain Reload Profiling:
	ReloadAssembly (1474ms)
		BeginReloadAssembly (101ms)
			ExecutionOrderSort (0ms)
			DisableScriptedObjects (5ms)
			BackupInstance (0ms)
			ReleaseScriptingObjects (0ms)
			CreateAndSetChildDomain (16ms)
		EndReloadAssembly (1261ms)
			LoadAssemblies (304ms)
			RebuildTransferFunctionScriptingTraits (0ms)
			SetupTypeCache (258ms)
			ReleaseScriptCaches (1ms)
			RebuildScriptCaches (72ms)
			SetupLoadedEditorAssemblies (596ms)
				LogAssemblyErrors (0ms)
				InitializePlatformSupportModulesInManaged (16ms)
				SetLoadedEditorAssemblies (0ms)
				RefreshPlugins (116ms)
				BeforeProcessingInitializeOnLoad (113ms)
				ProcessInitializeOnLoadAttributes (272ms)
				ProcessInitializeOnLoadMethodAttributes (72ms)
				AfterProcessingInitializeOnLoad (7ms)
				EditorAssembliesLoaded (0ms)
			ExecutionOrderSort2 (0ms)
			AwakeInstancesAfterBackupRestoration (5ms)
Platform modules already initialized, skipping
========================================================================
Worker process is ready to serve import requests
Launched and connected shader compiler UnityShaderCompiler.exe after 0.12 seconds
Refreshing native plugins compatible for Editor in 2.49 ms, found 4 plugins.
Preloading 0 native plugins for Editor in 0.00 ms.
Unloading 6189 Unused Serialized files (Serialized files now loaded: 0)
Unloading 68 unused Assets / (2.4 MB). Loaded Objects now: 6646.
Memory consumption went from 256.4 MB to 253.9 MB.
Total: 8.785200 ms (FindLiveObjects: 0.701400 ms CreateObjectMapping: 0.692300 ms MarkObjects: 5.655600 ms  DeleteObjects: 1.734100 ms)

AssetImportParameters requested are different than current active one (requested -> active):
  custom:video-decoder-ogg-theora: a1e56fd34408186e4bbccfd4996cb3dc -> 
  custom:container-muxer-webm: aa71ff27fc2769a1b78a27578f13a17b -> 
  custom:container-demuxer-webm: 4f35f7cbe854078d1ac9338744f61a02 -> 
  custom:video-encoder-webm-vp8: eb34c28f22e8b96e1ab97ce403110664 -> 
  custom:audio-encoder-webm-vorbis: bf7c407c2cedff20999df2af8eb42d56 -> 
  custom:framework-win-MediaFoundation: 216162199b28c13a410421893ffa2e32 -> 
  custom:container-demuxer-ogg: 62fdf1f143b41e24485cea50d1cbac27 -> 
  custom:video-decoder-webm-vp8: 9c59270c3fd7afecdb556c50c9e8de78 -> 
  custom:audio-decoder-ogg-vorbis: bf7c407c2cedff20999df2af8eb42d56 -> 
========================================================================
Received Import Request.
  Time since last request: 624656.150486 seconds.
  path: Assets/Particle VFX/Prefabs/VFX_Magic_effect.prefab
  artifactKey: Guid(8c7402b85289a374480c5daba1c2e328) Importer(815301076,1909f56bfc062723c751e8b465ee728b)
Start importing Assets/Particle VFX/Prefabs/VFX_Magic_effect.prefab using Guid(8c7402b85289a374480c5daba1c2e328) Importer(815301076,1909f56bfc062723c751e8b465ee728b)  -> (artifact id: 'b9634ae2eefcbd8e21c28d26c1b6f658') in 0.408303 seconds 
========================================================================
Received Import Request.
  Time since last request: 0.354611 seconds.
  path: Assets/Particle VFX/Prefabs/VFX_Star_shine.prefab
  artifactKey: Guid(85823d6817afc8647bd1703979b1160a) Importer(815301076,1909f56bfc062723c751e8b465ee728b)
Start importing Assets/Particle VFX/Prefabs/VFX_Star_shine.prefab using Guid(85823d6817afc8647bd1703979b1160a) Importer(815301076,1909f56bfc062723c751e8b465ee728b)  -> (artifact id: '84b3b9c3e07f6446e667c6981664df00') in 0.033851 seconds 
========================================================================
Received Import Request.
  Time since last request: 0.000042 seconds.
  path: Assets/Particle VFX/Prefabs/VFX_Water_puddle.prefab
  artifactKey: Guid(b0c43f967728b0d49bc91f0837d53818) Importer(815301076,1909f56bfc062723c751e8b465ee728b)
Start importing Assets/Particle VFX/Prefabs/VFX_Water_puddle.prefab using Guid(b0c43f967728b0d49bc91f0837d53818) Importer(815301076,1909f56bfc062723c751e8b465ee728b)  -> (artifact id: '15518a63f80a8b02906c1f5958fc48fc') in 0.062945 seconds 
========================================================================
Received Import Request.
  Time since last request: 0.000043 seconds.
  path: Assets/Particle VFX/Prefabs/VFX_Upgrade.prefab
  artifactKey: Guid(0697e79cb908cdc429cebc42f4965d93) Importer(815301076,1909f56bfc062723c751e8b465ee728b)
Start importing Assets/Particle VFX/Prefabs/VFX_Upgrade.prefab using Guid(0697e79cb908cdc429cebc42f4965d93) Importer(815301076,1909f56bfc062723c751e8b465ee728b)  -> (artifact id: '6e45cd7505e0e2062508ea71c7d776de') in 0.028465 seconds 
========================================================================
Received Import Request.
  Time since last request: 0.000046 seconds.
  path: Assets/Particle VFX/Prefabs/VFX_Upgrade_Level_Star.prefab
  artifactKey: Guid(0da0a45648f531542bee2ef5c2ded2a4) Importer(815301076,1909f56bfc062723c751e8b465ee728b)
Start importing Assets/Particle VFX/Prefabs/VFX_Upgrade_Level_Star.prefab using Guid(0da0a45648f531542bee2ef5c2ded2a4) Importer(815301076,1909f56bfc062723c751e8b465ee728b)  -> (artifact id: 'db01e692d6d86734a7690261248ccb3d') in 0.093444 seconds 
========================================================================
Received Import Request.
  Time since last request: 2.298137 seconds.
  path: Assets/Particle VFX/Prefabs/VFX_Hit_blue.prefab
  artifactKey: Guid(e81099ea5a0ad6446b2d34244e88d99e) Importer(815301076,1909f56bfc062723c751e8b465ee728b)
Start importing Assets/Particle VFX/Prefabs/VFX_Hit_blue.prefab using Guid(e81099ea5a0ad6446b2d34244e88d99e) Importer(815301076,1909f56bfc062723c751e8b465ee728b)  -> (artifact id: 'ce6d1e9f1d81d82dcb5f31602c6dacf2') in 0.041307 seconds 
========================================================================
Received Prepare
Registering precompiled user dll's ...
Registered in 0.005759 seconds.
Begin MonoManager ReloadAssembly
Symbol file LoadedFromMemory doesn't match image C:\Users\LCM\Desktop\ProjectFile\TestURP\Library\PackageCache\com.unity.visualscripting@1.8.0\Editor\VisualScripting.Core\Dependencies\YamlDotNet\Unity.VisualScripting.YamlDotNet.dll
Symbol file LoadedFromMemory doesn't match image C:\Users\LCM\Desktop\ProjectFile\TestURP\Library\PackageCache\com.unity.visualscripting@1.8.0\Editor\VisualScripting.Core\Dependencies\DotNetZip\Unity.VisualScripting.IonicZip.dll
Native extension for WindowsStandalone target not found
Native extension for Android target not found
Refreshing native plugins compatible for Editor in 0.79 ms, found 4 plugins.
Preloading 0 native plugins for Editor in 0.00 ms.
Mono: successfully reloaded assembly
- Completed reload, in  1.101 seconds
Domain Reload Profiling:
	ReloadAssembly (1101ms)
		BeginReloadAssembly (133ms)
			ExecutionOrderSort (0ms)
			DisableScriptedObjects (7ms)
			BackupInstance (0ms)
			ReleaseScriptingObjects (0ms)
			CreateAndSetChildDomain (41ms)
		EndReloadAssembly (886ms)
			LoadAssemblies (165ms)
			RebuildTransferFunctionScriptingTraits (0ms)
			SetupTypeCache (243ms)
			ReleaseScriptCaches (2ms)
			RebuildScriptCaches (40ms)
			SetupLoadedEditorAssemblies (359ms)
				LogAssemblyErrors (0ms)
				InitializePlatformSupportModulesInManaged (15ms)
				SetLoadedEditorAssemblies (0ms)
				RefreshPlugins (1ms)
				BeforeProcessingInitializeOnLoad (79ms)
				ProcessInitializeOnLoadAttributes (193ms)
				ProcessInitializeOnLoadMethodAttributes (64ms)
				AfterProcessingInitializeOnLoad (7ms)
				EditorAssembliesLoaded (0ms)
			ExecutionOrderSort2 (0ms)
			AwakeInstancesAfterBackupRestoration (18ms)
Platform modules already initialized, skipping
Refreshing native plugins compatible for Editor in 3.10 ms, found 4 plugins.
Preloading 0 native plugins for Editor in 0.00 ms.
Unloading 6017 Unused Serialized files (Serialized files now loaded: 0)
Unloading 51 unused Assets / (2.4 MB). Loaded Objects now: 6729.
Memory consumption went from 250.2 MB to 247.8 MB.
Total: 4.821100 ms (FindLiveObjects: 0.592200 ms CreateObjectMapping: 0.293500 ms MarkObjects: 3.141000 ms  DeleteObjects: 0.793000 ms)

AssetImportParameters requested are different than current active one (requested -> active):
  custom:video-decoder-ogg-theora: a1e56fd34408186e4bbccfd4996cb3dc -> 
  custom:container-muxer-webm: aa71ff27fc2769a1b78a27578f13a17b -> 
  custom:container-demuxer-webm: 4f35f7cbe854078d1ac9338744f61a02 -> 
  custom:video-encoder-webm-vp8: eb34c28f22e8b96e1ab97ce403110664 -> 
  custom:audio-encoder-webm-vorbis: bf7c407c2cedff20999df2af8eb42d56 -> 
  custom:framework-win-MediaFoundation: 216162199b28c13a410421893ffa2e32 -> 
  custom:container-demuxer-ogg: 62fdf1f143b41e24485cea50d1cbac27 -> 
  custom:video-decoder-webm-vp8: 9c59270c3fd7afecdb556c50c9e8de78 -> 
  custom:audio-decoder-ogg-vorbis: bf7c407c2cedff20999df2af8eb42d56 -> 
========================================================================
Received Prepare
Registering precompiled user dll's ...
Registered in 0.007665 seconds.
Begin MonoManager ReloadAssembly
Symbol file LoadedFromMemory doesn't match image C:\Users\LCM\Desktop\ProjectFile\TestURP\Library\PackageCache\com.unity.visualscripting@1.8.0\Editor\VisualScripting.Core\Dependencies\YamlDotNet\Unity.VisualScripting.YamlDotNet.dll
Symbol file LoadedFromMemory doesn't match image C:\Users\LCM\Desktop\ProjectFile\TestURP\Library\PackageCache\com.unity.visualscripting@1.8.0\Editor\VisualScripting.Core\Dependencies\DotNetZip\Unity.VisualScripting.IonicZip.dll
Native extension for WindowsStandalone target not found
Native extension for Android target not found
Refreshing native plugins compatible for Editor in 0.83 ms, found 4 plugins.
Preloading 0 native plugins for Editor in 0.00 ms.
Mono: successfully reloaded assembly
- Completed reload, in  1.019 seconds
Domain Reload Profiling:
	ReloadAssembly (1019ms)
		BeginReloadAssembly (127ms)
			ExecutionOrderSort (0ms)
			DisableScriptedObjects (4ms)
			BackupInstance (0ms)
			ReleaseScriptingObjects (0ms)
			CreateAndSetChildDomain (33ms)
		EndReloadAssembly (811ms)
			LoadAssemblies (102ms)
			RebuildTransferFunctionScriptingTraits (0ms)
			SetupTypeCache (235ms)
			ReleaseScriptCaches (2ms)
			RebuildScriptCaches (43ms)
			SetupLoadedEditorAssemblies (364ms)
				LogAssemblyErrors (0ms)
				InitializePlatformSupportModulesInManaged (15ms)
				SetLoadedEditorAssemblies (0ms)
				RefreshPlugins (1ms)
				BeforeProcessingInitializeOnLoad (78ms)
				ProcessInitializeOnLoadAttributes (197ms)
				ProcessInitializeOnLoadMethodAttributes (65ms)
				AfterProcessingInitializeOnLoad (8ms)
				EditorAssembliesLoaded (0ms)
			ExecutionOrderSort2 (0ms)
			AwakeInstancesAfterBackupRestoration (14ms)
Platform modules already initialized, skipping
Refreshing native plugins compatible for Editor in 3.35 ms, found 4 plugins.
Preloading 0 native plugins for Editor in 0.00 ms.
Unloading 6018 Unused Serialized files (Serialized files now loaded: 0)
Unloading 49 unused Assets / (2.4 MB). Loaded Objects now: 6744.
Memory consumption went from 250.3 MB to 247.9 MB.
Total: 6.247700 ms (FindLiveObjects: 0.556300 ms CreateObjectMapping: 0.428300 ms MarkObjects: 4.215900 ms  DeleteObjects: 1.045200 ms)

AssetImportParameters requested are different than current active one (requested -> active):
  custom:video-decoder-ogg-theora: a1e56fd34408186e4bbccfd4996cb3dc -> 
  custom:container-muxer-webm: aa71ff27fc2769a1b78a27578f13a17b -> 
  custom:container-demuxer-webm: 4f35f7cbe854078d1ac9338744f61a02 -> 
  custom:video-encoder-webm-vp8: eb34c28f22e8b96e1ab97ce403110664 -> 
  custom:audio-encoder-webm-vorbis: bf7c407c2cedff20999df2af8eb42d56 -> 
  custom:framework-win-MediaFoundation: 216162199b28c13a410421893ffa2e32 -> 
  custom:container-demuxer-ogg: 62fdf1f143b41e24485cea50d1cbac27 -> 
  custom:video-decoder-webm-vp8: 9c59270c3fd7afecdb556c50c9e8de78 -> 
  custom:audio-decoder-ogg-vorbis: bf7c407c2cedff20999df2af8eb42d56 -> 
========================================================================
Received Prepare
Registering precompiled user dll's ...
Registered in 0.005902 seconds.
Begin MonoManager ReloadAssembly
Symbol file LoadedFromMemory doesn't match image C:\Users\LCM\Desktop\ProjectFile\TestURP\Library\PackageCache\com.unity.visualscripting@1.8.0\Editor\VisualScripting.Core\Dependencies\YamlDotNet\Unity.VisualScripting.YamlDotNet.dll
Symbol file LoadedFromMemory doesn't match image C:\Users\LCM\Desktop\ProjectFile\TestURP\Library\PackageCache\com.unity.visualscripting@1.8.0\Editor\VisualScripting.Core\Dependencies\DotNetZip\Unity.VisualScripting.IonicZip.dll
Native extension for WindowsStandalone target not found
Native extension for Android target not found
Refreshing native plugins compatible for Editor in 0.99 ms, found 4 plugins.
Preloading 0 native plugins for Editor in 0.00 ms.
Mono: successfully reloaded assembly
- Completed reload, in  1.173 seconds
Domain Reload Profiling:
	ReloadAssembly (1173ms)
		BeginReloadAssembly (129ms)
			ExecutionOrderSort (0ms)
			DisableScriptedObjects (4ms)
			BackupInstance (0ms)
			ReleaseScriptingObjects (0ms)
			CreateAndSetChildDomain (36ms)
		EndReloadAssembly (945ms)
			LoadAssemblies (105ms)
			RebuildTransferFunctionScriptingTraits (0ms)
			SetupTypeCache (276ms)
			ReleaseScriptCaches (2ms)
			RebuildScriptCaches (50ms)
			SetupLoadedEditorAssemblies (418ms)
				LogAssemblyErrors (0ms)
				InitializePlatformSupportModulesInManaged (17ms)
				SetLoadedEditorAssemblies (0ms)
				RefreshPlugins (1ms)
				BeforeProcessingInitializeOnLoad (85ms)
				ProcessInitializeOnLoadAttributes (228ms)
				ProcessInitializeOnLoadMethodAttributes (76ms)
				AfterProcessingInitializeOnLoad (9ms)
				EditorAssembliesLoaded (0ms)
			ExecutionOrderSort2 (0ms)
			AwakeInstancesAfterBackupRestoration (17ms)
Platform modules already initialized, skipping
Refreshing native plugins compatible for Editor in 3.68 ms, found 4 plugins.
Preloading 0 native plugins for Editor in 0.00 ms.
Unloading 6018 Unused Serialized files (Serialized files now loaded: 0)
Unloading 49 unused Assets / (2.4 MB). Loaded Objects now: 6759.
Memory consumption went from 250.3 MB to 247.9 MB.
Total: 5.424700 ms (FindLiveObjects: 0.648300 ms CreateObjectMapping: 0.478600 ms MarkObjects: 3.440800 ms  DeleteObjects: 0.855500 ms)

AssetImportParameters requested are different than current active one (requested -> active):
  custom:video-decoder-ogg-theora: a1e56fd34408186e4bbccfd4996cb3dc -> 
  custom:container-muxer-webm: aa71ff27fc2769a1b78a27578f13a17b -> 
  custom:container-demuxer-webm: 4f35f7cbe854078d1ac9338744f61a02 -> 
  custom:video-encoder-webm-vp8: eb34c28f22e8b96e1ab97ce403110664 -> 
  custom:audio-encoder-webm-vorbis: bf7c407c2cedff20999df2af8eb42d56 -> 
  custom:framework-win-MediaFoundation: 216162199b28c13a410421893ffa2e32 -> 
  custom:container-demuxer-ogg: 62fdf1f143b41e24485cea50d1cbac27 -> 
  custom:video-decoder-webm-vp8: 9c59270c3fd7afecdb556c50c9e8de78 -> 
  custom:audio-decoder-ogg-vorbis: bf7c407c2cedff20999df2af8eb42d56 -> 
========================================================================
Received Prepare
Registering precompiled user dll's ...
Registered in 0.006048 seconds.
Begin MonoManager ReloadAssembly
Symbol file LoadedFromMemory doesn't match image C:\Users\LCM\Desktop\ProjectFile\TestURP\Library\PackageCache\com.unity.visualscripting@1.8.0\Editor\VisualScripting.Core\Dependencies\YamlDotNet\Unity.VisualScripting.YamlDotNet.dll
Symbol file LoadedFromMemory doesn't match image C:\Users\LCM\Desktop\ProjectFile\TestURP\Library\PackageCache\com.unity.visualscripting@1.8.0\Editor\VisualScripting.Core\Dependencies\DotNetZip\Unity.VisualScripting.IonicZip.dll
Native extension for WindowsStandalone target not found
Native extension for Android target not found
Refreshing native plugins compatible for Editor in 0.99 ms, found 4 plugins.
Preloading 0 native plugins for Editor in 0.00 ms.
Mono: successfully reloaded assembly
- Completed reload, in  1.109 seconds
Domain Reload Profiling:
	ReloadAssembly (1109ms)
		BeginReloadAssembly (132ms)
			ExecutionOrderSort (0ms)
			DisableScriptedObjects (6ms)
			BackupInstance (0ms)
			ReleaseScriptingObjects (0ms)
			CreateAndSetChildDomain (35ms)
		EndReloadAssembly (891ms)
			LoadAssemblies (96ms)
			RebuildTransferFunctionScriptingTraits (0ms)
			SetupTypeCache (240ms)
			ReleaseScriptCaches (2ms)
			RebuildScriptCaches (46ms)
			SetupLoadedEditorAssemblies (435ms)
				LogAssemblyErrors (0ms)
				InitializePlatformSupportModulesInManaged (15ms)
				SetLoadedEditorAssemblies (0ms)
				RefreshPlugins (1ms)
				BeforeProcessingInitializeOnLoad (83ms)
				ProcessInitializeOnLoadAttributes (245ms)
				ProcessInitializeOnLoadMethodAttributes (81ms)
				AfterProcessingInitializeOnLoad (9ms)
				EditorAssembliesLoaded (0ms)
			ExecutionOrderSort2 (0ms)
			AwakeInstancesAfterBackupRestoration (18ms)
Platform modules already initialized, skipping
Refreshing native plugins compatible for Editor in 3.48 ms, found 4 plugins.
Preloading 0 native plugins for Editor in 0.00 ms.
Unloading 6018 Unused Serialized files (Serialized files now loaded: 0)
Unloading 49 unused Assets / (2.4 MB). Loaded Objects now: 6774.
Memory consumption went from 250.3 MB to 247.9 MB.
Total: 5.649600 ms (FindLiveObjects: 0.507600 ms CreateObjectMapping: 0.492000 ms MarkObjects: 3.796000 ms  DeleteObjects: 0.852400 ms)

AssetImportParameters requested are different than current active one (requested -> active):
  custom:video-decoder-ogg-theora: a1e56fd34408186e4bbccfd4996cb3dc -> 
  custom:container-muxer-webm: aa71ff27fc2769a1b78a27578f13a17b -> 
  custom:container-demuxer-webm: 4f35f7cbe854078d1ac9338744f61a02 -> 
  custom:video-encoder-webm-vp8: eb34c28f22e8b96e1ab97ce403110664 -> 
  custom:audio-encoder-webm-vorbis: bf7c407c2cedff20999df2af8eb42d56 -> 
  custom:framework-win-MediaFoundation: 216162199b28c13a410421893ffa2e32 -> 
  custom:container-demuxer-ogg: 62fdf1f143b41e24485cea50d1cbac27 -> 
  custom:video-decoder-webm-vp8: 9c59270c3fd7afecdb556c50c9e8de78 -> 
  custom:audio-decoder-ogg-vorbis: bf7c407c2cedff20999df2af8eb42d56 -> 
========================================================================
Received Prepare
Registering precompiled user dll's ...
Registered in 0.006274 seconds.
Begin MonoManager ReloadAssembly
Symbol file LoadedFromMemory doesn't match image C:\Users\LCM\Desktop\ProjectFile\TestURP\Library\PackageCache\com.unity.visualscripting@1.8.0\Editor\VisualScripting.Core\Dependencies\YamlDotNet\Unity.VisualScripting.YamlDotNet.dll
Symbol file LoadedFromMemory doesn't match image C:\Users\LCM\Desktop\ProjectFile\TestURP\Library\PackageCache\com.unity.visualscripting@1.8.0\Editor\VisualScripting.Core\Dependencies\DotNetZip\Unity.VisualScripting.IonicZip.dll
Native extension for WindowsStandalone target not found
Native extension for Android target not found
Refreshing native plugins compatible for Editor in 0.75 ms, found 4 plugins.
Preloading 0 native plugins for Editor in 0.00 ms.
Mono: successfully reloaded assembly
- Completed reload, in  1.054 seconds
Domain Reload Profiling:
	ReloadAssembly (1054ms)
		BeginReloadAssembly (135ms)
			ExecutionOrderSort (0ms)
			DisableScriptedObjects (4ms)
			BackupInstance (0ms)
			ReleaseScriptingObjects (0ms)
			CreateAndSetChildDomain (39ms)
		EndReloadAssembly (831ms)
			LoadAssemblies (104ms)
			RebuildTransferFunctionScriptingTraits (0ms)
			SetupTypeCache (246ms)
			ReleaseScriptCaches (2ms)
			RebuildScriptCaches (50ms)
			SetupLoadedEditorAssemblies (377ms)
				LogAssemblyErrors (0ms)
				InitializePlatformSupportModulesInManaged (16ms)
				SetLoadedEditorAssemblies (0ms)
				RefreshPlugins (1ms)
				BeforeProcessingInitializeOnLoad (80ms)
				ProcessInitializeOnLoadAttributes (206ms)
				ProcessInitializeOnLoadMethodAttributes (65ms)
				AfterProcessingInitializeOnLoad (8ms)
				EditorAssembliesLoaded (0ms)
			ExecutionOrderSort2 (0ms)
			AwakeInstancesAfterBackupRestoration (14ms)
Platform modules already initialized, skipping
Refreshing native plugins compatible for Editor in 2.99 ms, found 4 plugins.
Preloading 0 native plugins for Editor in 0.00 ms.
Unloading 6018 Unused Serialized files (Serialized files now loaded: 0)
Unloading 49 unused Assets / (2.4 MB). Loaded Objects now: 6789.
Memory consumption went from 250.4 MB to 247.9 MB.
Total: 5.189800 ms (FindLiveObjects: 0.548600 ms CreateObjectMapping: 0.473400 ms MarkObjects: 3.197700 ms  DeleteObjects: 0.968300 ms)

AssetImportParameters requested are different than current active one (requested -> active):
  custom:video-decoder-ogg-theora: a1e56fd34408186e4bbccfd4996cb3dc -> 
  custom:container-muxer-webm: aa71ff27fc2769a1b78a27578f13a17b -> 
  custom:container-demuxer-webm: 4f35f7cbe854078d1ac9338744f61a02 -> 
  custom:video-encoder-webm-vp8: eb34c28f22e8b96e1ab97ce403110664 -> 
  custom:audio-encoder-webm-vorbis: bf7c407c2cedff20999df2af8eb42d56 -> 
  custom:framework-win-MediaFoundation: 216162199b28c13a410421893ffa2e32 -> 
  custom:container-demuxer-ogg: 62fdf1f143b41e24485cea50d1cbac27 -> 
  custom:video-decoder-webm-vp8: 9c59270c3fd7afecdb556c50c9e8de78 -> 
  custom:audio-decoder-ogg-vorbis: bf7c407c2cedff20999df2af8eb42d56 -> 
========================================================================
Received Prepare
Registering precompiled user dll's ...
Registered in 0.008143 seconds.
Begin MonoManager ReloadAssembly
Symbol file LoadedFromMemory doesn't match image C:\Users\LCM\Desktop\ProjectFile\TestURP\Library\PackageCache\com.unity.visualscripting@1.8.0\Editor\VisualScripting.Core\Dependencies\YamlDotNet\Unity.VisualScripting.YamlDotNet.dll
Symbol file LoadedFromMemory doesn't match image C:\Users\LCM\Desktop\ProjectFile\TestURP\Library\PackageCache\com.unity.visualscripting@1.8.0\Editor\VisualScripting.Core\Dependencies\DotNetZip\Unity.VisualScripting.IonicZip.dll
Native extension for WindowsStandalone target not found
Native extension for Android target not found
Refreshing native plugins compatible for Editor in 0.83 ms, found 4 plugins.
Preloading 0 native plugins for Editor in 0.00 ms.
Mono: successfully reloaded assembly
- Completed reload, in  1.089 seconds
Domain Reload Profiling:
	ReloadAssembly (1090ms)
		BeginReloadAssembly (120ms)
			ExecutionOrderSort (0ms)
			DisableScriptedObjects (4ms)
			BackupInstance (0ms)
			ReleaseScriptingObjects (0ms)
			CreateAndSetChildDomain (32ms)
		EndReloadAssembly (886ms)
			LoadAssemblies (95ms)
			RebuildTransferFunctionScriptingTraits (0ms)
			SetupTypeCache (290ms)
			ReleaseScriptCaches (2ms)
			RebuildScriptCaches (43ms)
			SetupLoadedEditorAssemblies (391ms)
				LogAssemblyErrors (0ms)
				InitializePlatformSupportModulesInManaged (16ms)
				SetLoadedEditorAssemblies (0ms)
				RefreshPlugins (1ms)
				BeforeProcessingInitializeOnLoad (80ms)
				ProcessInitializeOnLoadAttributes (211ms)
				ProcessInitializeOnLoadMethodAttributes (74ms)
				AfterProcessingInitializeOnLoad (9ms)
				EditorAssembliesLoaded (0ms)
			ExecutionOrderSort2 (0ms)
			AwakeInstancesAfterBackupRestoration (15ms)
Platform modules already initialized, skipping
Refreshing native plugins compatible for Editor in 3.50 ms, found 4 plugins.
Preloading 0 native plugins for Editor in 0.00 ms.
Unloading 6018 Unused Serialized files (Serialized files now loaded: 0)
Unloading 49 unused Assets / (2.4 MB). Loaded Objects now: 6804.
Memory consumption went from 250.4 MB to 248.0 MB.
Total: 5.732800 ms (FindLiveObjects: 0.770500 ms CreateObjectMapping: 0.489100 ms MarkObjects: 3.471700 ms  DeleteObjects: 0.999000 ms)

AssetImportParameters requested are different than current active one (requested -> active):
  custom:video-decoder-ogg-theora: a1e56fd34408186e4bbccfd4996cb3dc -> 
  custom:container-muxer-webm: aa71ff27fc2769a1b78a27578f13a17b -> 
  custom:container-demuxer-webm: 4f35f7cbe854078d1ac9338744f61a02 -> 
  custom:video-encoder-webm-vp8: eb34c28f22e8b96e1ab97ce403110664 -> 
  custom:audio-encoder-webm-vorbis: bf7c407c2cedff20999df2af8eb42d56 -> 
  custom:framework-win-MediaFoundation: 216162199b28c13a410421893ffa2e32 -> 
  custom:container-demuxer-ogg: 62fdf1f143b41e24485cea50d1cbac27 -> 
  custom:video-decoder-webm-vp8: 9c59270c3fd7afecdb556c50c9e8de78 -> 
  custom:audio-decoder-ogg-vorbis: bf7c407c2cedff20999df2af8eb42d56 -> 
========================================================================
Received Prepare
Registering precompiled user dll's ...
Registered in 0.008624 seconds.
Begin MonoManager ReloadAssembly
Symbol file LoadedFromMemory doesn't match image C:\Users\LCM\Desktop\ProjectFile\TestURP\Library\PackageCache\com.unity.visualscripting@1.8.0\Editor\VisualScripting.Core\Dependencies\YamlDotNet\Unity.VisualScripting.YamlDotNet.dll
Symbol file LoadedFromMemory doesn't match image C:\Users\LCM\Desktop\ProjectFile\TestURP\Library\PackageCache\com.unity.visualscripting@1.8.0\Editor\VisualScripting.Core\Dependencies\DotNetZip\Unity.VisualScripting.IonicZip.dll
Native extension for WindowsStandalone target not found
Native extension for Android target not found
Refreshing native plugins compatible for Editor in 0.95 ms, found 4 plugins.
Preloading 0 native plugins for Editor in 0.00 ms.
Mono: successfully reloaded assembly
- Completed reload, in  1.126 seconds
Domain Reload Profiling:
	ReloadAssembly (1127ms)
		BeginReloadAssembly (145ms)
			ExecutionOrderSort (0ms)
			DisableScriptedObjects (5ms)
			BackupInstance (0ms)
			ReleaseScriptingObjects (0ms)
			CreateAndSetChildDomain (41ms)
		EndReloadAssembly (884ms)
			LoadAssemblies (100ms)
			RebuildTransferFunctionScriptingTraits (0ms)
			SetupTypeCache (272ms)
			ReleaseScriptCaches (2ms)
			RebuildScriptCaches (46ms)
			SetupLoadedEditorAssemblies (402ms)
				LogAssemblyErrors (0ms)
				InitializePlatformSupportModulesInManaged (16ms)
				SetLoadedEditorAssemblies (1ms)
				RefreshPlugins (1ms)
				BeforeProcessingInitializeOnLoad (88ms)
				ProcessInitializeOnLoadAttributes (219ms)
				ProcessInitializeOnLoadMethodAttributes (70ms)
				AfterProcessingInitializeOnLoad (7ms)
				EditorAssembliesLoaded (0ms)
			ExecutionOrderSort2 (0ms)
			AwakeInstancesAfterBackupRestoration (17ms)
Platform modules already initialized, skipping
Refreshing native plugins compatible for Editor in 3.57 ms, found 4 plugins.
Preloading 0 native plugins for Editor in 0.00 ms.
Unloading 6018 Unused Serialized files (Serialized files now loaded: 0)
Unloading 49 unused Assets / (2.4 MB). Loaded Objects now: 6819.
Memory consumption went from 250.4 MB to 248.0 MB.
Total: 5.675500 ms (FindLiveObjects: 0.632300 ms CreateObjectMapping: 0.406200 ms MarkObjects: 3.626900 ms  DeleteObjects: 1.008100 ms)

AssetImportParameters requested are different than current active one (requested -> active):
  custom:video-decoder-ogg-theora: a1e56fd34408186e4bbccfd4996cb3dc -> 
  custom:container-muxer-webm: aa71ff27fc2769a1b78a27578f13a17b -> 
  custom:container-demuxer-webm: 4f35f7cbe854078d1ac9338744f61a02 -> 
  custom:video-encoder-webm-vp8: eb34c28f22e8b96e1ab97ce403110664 -> 
  custom:audio-encoder-webm-vorbis: bf7c407c2cedff20999df2af8eb42d56 -> 
  custom:framework-win-MediaFoundation: 216162199b28c13a410421893ffa2e32 -> 
  custom:container-demuxer-ogg: 62fdf1f143b41e24485cea50d1cbac27 -> 
  custom:video-decoder-webm-vp8: 9c59270c3fd7afecdb556c50c9e8de78 -> 
  custom:audio-decoder-ogg-vorbis: bf7c407c2cedff20999df2af8eb42d56 -> 
========================================================================
Received Prepare
Registering precompiled user dll's ...
Registered in 0.006362 seconds.
Begin MonoManager ReloadAssembly
Symbol file LoadedFromMemory doesn't match image C:\Users\LCM\Desktop\ProjectFile\TestURP\Library\PackageCache\com.unity.visualscripting@1.8.0\Editor\VisualScripting.Core\Dependencies\YamlDotNet\Unity.VisualScripting.YamlDotNet.dll
Symbol file LoadedFromMemory doesn't match image C:\Users\LCM\Desktop\ProjectFile\TestURP\Library\PackageCache\com.unity.visualscripting@1.8.0\Editor\VisualScripting.Core\Dependencies\DotNetZip\Unity.VisualScripting.IonicZip.dll
Native extension for WindowsStandalone target not found
Native extension for Android target not found
Refreshing native plugins compatible for Editor in 0.78 ms, found 4 plugins.
Preloading 0 native plugins for Editor in 0.00 ms.
Mono: successfully reloaded assembly
- Completed reload, in  1.062 seconds
Domain Reload Profiling:
	ReloadAssembly (1063ms)
		BeginReloadAssembly (129ms)
			ExecutionOrderSort (0ms)
			DisableScriptedObjects (3ms)
			BackupInstance (0ms)
			ReleaseScriptingObjects (0ms)
			CreateAndSetChildDomain (39ms)
		EndReloadAssembly (842ms)
			LoadAssemblies (93ms)
			RebuildTransferFunctionScriptingTraits (0ms)
			SetupTypeCache (237ms)
			ReleaseScriptCaches (2ms)
			RebuildScriptCaches (50ms)
			SetupLoadedEditorAssemblies (391ms)
				LogAssemblyErrors (0ms)
				InitializePlatformSupportModulesInManaged (16ms)
				SetLoadedEditorAssemblies (0ms)
				RefreshPlugins (1ms)
				BeforeProcessingInitializeOnLoad (85ms)
				ProcessInitializeOnLoadAttributes (215ms)
				ProcessInitializeOnLoadMethodAttributes (66ms)
				AfterProcessingInitializeOnLoad (8ms)
				EditorAssembliesLoaded (0ms)
			ExecutionOrderSort2 (0ms)
			AwakeInstancesAfterBackupRestoration (16ms)
Platform modules already initialized, skipping
Refreshing native plugins compatible for Editor in 3.86 ms, found 4 plugins.
Preloading 0 native plugins for Editor in 0.00 ms.
Unloading 6018 Unused Serialized files (Serialized files now loaded: 0)
Unloading 49 unused Assets / (2.4 MB). Loaded Objects now: 6834.
Memory consumption went from 250.4 MB to 248.0 MB.
Total: 7.307800 ms (FindLiveObjects: 0.592100 ms CreateObjectMapping: 0.477600 ms MarkObjects: 4.673400 ms  DeleteObjects: 1.562700 ms)

AssetImportParameters requested are different than current active one (requested -> active):
  custom:video-decoder-ogg-theora: a1e56fd34408186e4bbccfd4996cb3dc -> 
  custom:container-muxer-webm: aa71ff27fc2769a1b78a27578f13a17b -> 
  custom:container-demuxer-webm: 4f35f7cbe854078d1ac9338744f61a02 -> 
  custom:video-encoder-webm-vp8: eb34c28f22e8b96e1ab97ce403110664 -> 
  custom:audio-encoder-webm-vorbis: bf7c407c2cedff20999df2af8eb42d56 -> 
  custom:framework-win-MediaFoundation: 216162199b28c13a410421893ffa2e32 -> 
  custom:container-demuxer-ogg: 62fdf1f143b41e24485cea50d1cbac27 -> 
  custom:video-decoder-webm-vp8: 9c59270c3fd7afecdb556c50c9e8de78 -> 
  custom:audio-decoder-ogg-vorbis: bf7c407c2cedff20999df2af8eb42d56 -> 
========================================================================
Received Prepare
Registering precompiled user dll's ...
Registered in 0.006378 seconds.
Begin MonoManager ReloadAssembly
Symbol file LoadedFromMemory doesn't match image C:\Users\LCM\Desktop\ProjectFile\TestURP\Library\PackageCache\com.unity.visualscripting@1.8.0\Editor\VisualScripting.Core\Dependencies\YamlDotNet\Unity.VisualScripting.YamlDotNet.dll
Symbol file LoadedFromMemory doesn't match image C:\Users\LCM\Desktop\ProjectFile\TestURP\Library\PackageCache\com.unity.visualscripting@1.8.0\Editor\VisualScripting.Core\Dependencies\DotNetZip\Unity.VisualScripting.IonicZip.dll
Native extension for WindowsStandalone target not found
Native extension for Android target not found
Refreshing native plugins compatible for Editor in 0.89 ms, found 4 plugins.
Preloading 0 native plugins for Editor in 0.00 ms.
Mono: successfully reloaded assembly
- Completed reload, in  1.218 seconds
Domain Reload Profiling:
	ReloadAssembly (1218ms)
		BeginReloadAssembly (138ms)
			ExecutionOrderSort (0ms)
			DisableScriptedObjects (4ms)
			BackupInstance (0ms)
			ReleaseScriptingObjects (0ms)
			CreateAndSetChildDomain (42ms)
		EndReloadAssembly (942ms)
			LoadAssemblies (101ms)
			RebuildTransferFunctionScriptingTraits (0ms)
			SetupTypeCache (267ms)
			ReleaseScriptCaches (2ms)
			RebuildScriptCaches (47ms)
			SetupLoadedEditorAssemblies (437ms)
				LogAssemblyErrors (0ms)
				InitializePlatformSupportModulesInManaged (18ms)
				SetLoadedEditorAssemblies (0ms)
				RefreshPlugins (1ms)
				BeforeProcessingInitializeOnLoad (94ms)
				ProcessInitializeOnLoadAttributes (242ms)
				ProcessInitializeOnLoadMethodAttributes (75ms)
				AfterProcessingInitializeOnLoad (7ms)
				EditorAssembliesLoaded (0ms)
			ExecutionOrderSort2 (0ms)
			AwakeInstancesAfterBackupRestoration (18ms)
Platform modules already initialized, skipping
Refreshing native plugins compatible for Editor in 3.73 ms, found 4 plugins.
Preloading 0 native plugins for Editor in 0.00 ms.
Unloading 6018 Unused Serialized files (Serialized files now loaded: 0)
Unloading 49 unused Assets / (2.4 MB). Loaded Objects now: 6849.
Memory consumption went from 250.4 MB to 248.0 MB.
Total: 3.818200 ms (FindLiveObjects: 0.550100 ms CreateObjectMapping: 0.452900 ms MarkObjects: 2.121200 ms  DeleteObjects: 0.693000 ms)

AssetImportParameters requested are different than current active one (requested -> active):
  custom:video-decoder-ogg-theora: a1e56fd34408186e4bbccfd4996cb3dc -> 
  custom:container-muxer-webm: aa71ff27fc2769a1b78a27578f13a17b -> 
  custom:container-demuxer-webm: 4f35f7cbe854078d1ac9338744f61a02 -> 
  custom:video-encoder-webm-vp8: eb34c28f22e8b96e1ab97ce403110664 -> 
  custom:audio-encoder-webm-vorbis: bf7c407c2cedff20999df2af8eb42d56 -> 
  custom:framework-win-MediaFoundation: 216162199b28c13a410421893ffa2e32 -> 
  custom:container-demuxer-ogg: 62fdf1f143b41e24485cea50d1cbac27 -> 
  custom:video-decoder-webm-vp8: 9c59270c3fd7afecdb556c50c9e8de78 -> 
  custom:audio-decoder-ogg-vorbis: bf7c407c2cedff20999df2af8eb42d56 -> 
========================================================================
Received Prepare
Registering precompiled user dll's ...
Registered in 0.006036 seconds.
Begin MonoManager ReloadAssembly
Symbol file LoadedFromMemory doesn't match image C:\Users\LCM\Desktop\ProjectFile\TestURP\Library\PackageCache\com.unity.visualscripting@1.8.0\Editor\VisualScripting.Core\Dependencies\YamlDotNet\Unity.VisualScripting.YamlDotNet.dll
Symbol file LoadedFromMemory doesn't match image C:\Users\LCM\Desktop\ProjectFile\TestURP\Library\PackageCache\com.unity.visualscripting@1.8.0\Editor\VisualScripting.Core\Dependencies\DotNetZip\Unity.VisualScripting.IonicZip.dll
Native extension for WindowsStandalone target not found
Native extension for Android target not found
Refreshing native plugins compatible for Editor in 0.82 ms, found 4 plugins.
Preloading 0 native plugins for Editor in 0.00 ms.
Mono: successfully reloaded assembly
- Completed reload, in  1.118 seconds
Domain Reload Profiling:
	ReloadAssembly (1118ms)
		BeginReloadAssembly (128ms)
			ExecutionOrderSort (0ms)
			DisableScriptedObjects (3ms)
			BackupInstance (0ms)
			ReleaseScriptingObjects (0ms)
			CreateAndSetChildDomain (37ms)
		EndReloadAssembly (903ms)
			LoadAssemblies (93ms)
			RebuildTransferFunctionScriptingTraits (0ms)
			SetupTypeCache (259ms)
			ReleaseScriptCaches (2ms)
			RebuildScriptCaches (51ms)
			SetupLoadedEditorAssemblies (420ms)
				LogAssemblyErrors (0ms)
				InitializePlatformSupportModulesInManaged (15ms)
				SetLoadedEditorAssemblies (0ms)
				RefreshPlugins (1ms)
				BeforeProcessingInitializeOnLoad (87ms)
				ProcessInitializeOnLoadAttributes (230ms)
				ProcessInitializeOnLoadMethodAttributes (79ms)
				AfterProcessingInitializeOnLoad (9ms)
				EditorAssembliesLoaded (0ms)
			ExecutionOrderSort2 (0ms)
			AwakeInstancesAfterBackupRestoration (18ms)
Platform modules already initialized, skipping
Refreshing native plugins compatible for Editor in 3.11 ms, found 4 plugins.
Preloading 0 native plugins for Editor in 0.00 ms.
Unloading 6018 Unused Serialized files (Serialized files now loaded: 0)
Unloading 49 unused Assets / (2.4 MB). Loaded Objects now: 6864.
Memory consumption went from 250.5 MB to 248.0 MB.
Total: 5.707600 ms (FindLiveObjects: 0.566800 ms CreateObjectMapping: 0.472800 ms MarkObjects: 3.560500 ms  DeleteObjects: 1.106200 ms)

AssetImportParameters requested are different than current active one (requested -> active):
  custom:video-decoder-ogg-theora: a1e56fd34408186e4bbccfd4996cb3dc -> 
  custom:container-muxer-webm: aa71ff27fc2769a1b78a27578f13a17b -> 
  custom:container-demuxer-webm: 4f35f7cbe854078d1ac9338744f61a02 -> 
  custom:video-encoder-webm-vp8: eb34c28f22e8b96e1ab97ce403110664 -> 
  custom:audio-encoder-webm-vorbis: bf7c407c2cedff20999df2af8eb42d56 -> 
  custom:framework-win-MediaFoundation: 216162199b28c13a410421893ffa2e32 -> 
  custom:container-demuxer-ogg: 62fdf1f143b41e24485cea50d1cbac27 -> 
  custom:video-decoder-webm-vp8: 9c59270c3fd7afecdb556c50c9e8de78 -> 
  custom:audio-decoder-ogg-vorbis: bf7c407c2cedff20999df2af8eb42d56 -> 
========================================================================
Received Prepare
Registering precompiled user dll's ...
Registered in 0.005893 seconds.
Begin MonoManager ReloadAssembly
Symbol file LoadedFromMemory doesn't match image C:\Users\LCM\Desktop\ProjectFile\TestURP\Library\PackageCache\com.unity.visualscripting@1.8.0\Editor\VisualScripting.Core\Dependencies\YamlDotNet\Unity.VisualScripting.YamlDotNet.dll
Symbol file LoadedFromMemory doesn't match image C:\Users\LCM\Desktop\ProjectFile\TestURP\Library\PackageCache\com.unity.visualscripting@1.8.0\Editor\VisualScripting.Core\Dependencies\DotNetZip\Unity.VisualScripting.IonicZip.dll
Native extension for WindowsStandalone target not found
Native extension for Android target not found
Refreshing native plugins compatible for Editor in 0.87 ms, found 4 plugins.
Preloading 0 native plugins for Editor in 0.00 ms.
Mono: successfully reloaded assembly
- Completed reload, in  1.165 seconds
Domain Reload Profiling:
	ReloadAssembly (1166ms)
		BeginReloadAssembly (127ms)
			ExecutionOrderSort (0ms)
			DisableScriptedObjects (4ms)
			BackupInstance (0ms)
			ReleaseScriptingObjects (0ms)
			CreateAndSetChildDomain (34ms)
		EndReloadAssembly (950ms)
			LoadAssemblies (96ms)
			RebuildTransferFunctionScriptingTraits (0ms)
			SetupTypeCache (252ms)
			ReleaseScriptCaches (2ms)
			RebuildScriptCaches (53ms)
			SetupLoadedEditorAssemblies (469ms)
				LogAssemblyErrors (0ms)
				InitializePlatformSupportModulesInManaged (17ms)
				SetLoadedEditorAssemblies (0ms)
				RefreshPlugins (1ms)
				BeforeProcessingInitializeOnLoad (80ms)
				ProcessInitializeOnLoadAttributes (251ms)
				ProcessInitializeOnLoadMethodAttributes (110ms)
				AfterProcessingInitializeOnLoad (10ms)
				EditorAssembliesLoaded (0ms)
			ExecutionOrderSort2 (0ms)
			AwakeInstancesAfterBackupRestoration (19ms)
Platform modules already initialized, skipping
Refreshing native plugins compatible for Editor in 4.24 ms, found 4 plugins.
Preloading 0 native plugins for Editor in 0.00 ms.
Unloading 6018 Unused Serialized files (Serialized files now loaded: 0)
Unloading 49 unused Assets / (2.4 MB). Loaded Objects now: 6879.
Memory consumption went from 250.5 MB to 248.1 MB.
Total: 4.970800 ms (FindLiveObjects: 0.546600 ms CreateObjectMapping: 0.515700 ms MarkObjects: 3.180200 ms  DeleteObjects: 0.726800 ms)

AssetImportParameters requested are different than current active one (requested -> active):
  custom:video-decoder-ogg-theora: a1e56fd34408186e4bbccfd4996cb3dc -> 
  custom:container-muxer-webm: aa71ff27fc2769a1b78a27578f13a17b -> 
  custom:container-demuxer-webm: 4f35f7cbe854078d1ac9338744f61a02 -> 
  custom:video-encoder-webm-vp8: eb34c28f22e8b96e1ab97ce403110664 -> 
  custom:audio-encoder-webm-vorbis: bf7c407c2cedff20999df2af8eb42d56 -> 
  custom:framework-win-MediaFoundation: 216162199b28c13a410421893ffa2e32 -> 
  custom:container-demuxer-ogg: 62fdf1f143b41e24485cea50d1cbac27 -> 
  custom:video-decoder-webm-vp8: 9c59270c3fd7afecdb556c50c9e8de78 -> 
  custom:audio-decoder-ogg-vorbis: bf7c407c2cedff20999df2af8eb42d56 -> 
========================================================================
Received Prepare
Registering precompiled user dll's ...
Registered in 0.006710 seconds.
Begin MonoManager ReloadAssembly
Symbol file LoadedFromMemory doesn't match image C:\Users\LCM\Desktop\ProjectFile\TestURP\Library\PackageCache\com.unity.visualscripting@1.8.0\Editor\VisualScripting.Core\Dependencies\YamlDotNet\Unity.VisualScripting.YamlDotNet.dll
Symbol file LoadedFromMemory doesn't match image C:\Users\LCM\Desktop\ProjectFile\TestURP\Library\PackageCache\com.unity.visualscripting@1.8.0\Editor\VisualScripting.Core\Dependencies\DotNetZip\Unity.VisualScripting.IonicZip.dll
Native extension for WindowsStandalone target not found
Native extension for Android target not found
Refreshing native plugins compatible for Editor in 0.78 ms, found 4 plugins.
Preloading 0 native plugins for Editor in 0.00 ms.
Mono: successfully reloaded assembly
- Completed reload, in  1.063 seconds
Domain Reload Profiling:
	ReloadAssembly (1063ms)
		BeginReloadAssembly (132ms)
			ExecutionOrderSort (0ms)
			DisableScriptedObjects (4ms)
			BackupInstance (0ms)
			ReleaseScriptingObjects (0ms)
			CreateAndSetChildDomain (34ms)
		EndReloadAssembly (838ms)
			LoadAssemblies (98ms)
			RebuildTransferFunctionScriptingTraits (0ms)
			SetupTypeCache (246ms)
			ReleaseScriptCaches (2ms)
			RebuildScriptCaches (43ms)
			SetupLoadedEditorAssemblies (386ms)
				LogAssemblyErrors (0ms)
				InitializePlatformSupportModulesInManaged (17ms)
				SetLoadedEditorAssemblies (0ms)
				RefreshPlugins (1ms)
				BeforeProcessingInitializeOnLoad (81ms)
				ProcessInitializeOnLoadAttributes (208ms)
				ProcessInitializeOnLoadMethodAttributes (69ms)
				AfterProcessingInitializeOnLoad (10ms)
				EditorAssembliesLoaded (0ms)
			ExecutionOrderSort2 (0ms)
			AwakeInstancesAfterBackupRestoration (15ms)
Platform modules already initialized, skipping
Refreshing native plugins compatible for Editor in 2.77 ms, found 4 plugins.
Preloading 0 native plugins for Editor in 0.00 ms.
Unloading 6018 Unused Serialized files (Serialized files now loaded: 0)
Unloading 49 unused Assets / (2.4 MB). Loaded Objects now: 6894.
Memory consumption went from 250.5 MB to 248.1 MB.
Total: 5.876400 ms (FindLiveObjects: 0.636300 ms CreateObjectMapping: 0.598400 ms MarkObjects: 3.919400 ms  DeleteObjects: 0.721100 ms)

AssetImportParameters requested are different than current active one (requested -> active):
  custom:video-decoder-ogg-theora: a1e56fd34408186e4bbccfd4996cb3dc -> 
  custom:container-muxer-webm: aa71ff27fc2769a1b78a27578f13a17b -> 
  custom:container-demuxer-webm: 4f35f7cbe854078d1ac9338744f61a02 -> 
  custom:video-encoder-webm-vp8: eb34c28f22e8b96e1ab97ce403110664 -> 
  custom:audio-encoder-webm-vorbis: bf7c407c2cedff20999df2af8eb42d56 -> 
  custom:framework-win-MediaFoundation: 216162199b28c13a410421893ffa2e32 -> 
  custom:container-demuxer-ogg: 62fdf1f143b41e24485cea50d1cbac27 -> 
  custom:video-decoder-webm-vp8: 9c59270c3fd7afecdb556c50c9e8de78 -> 
  custom:audio-decoder-ogg-vorbis: bf7c407c2cedff20999df2af8eb42d56 -> 
========================================================================
Received Prepare
Registering precompiled user dll's ...
Registered in 0.014112 seconds.
Begin MonoManager ReloadAssembly
Symbol file LoadedFromMemory doesn't match image C:\Users\LCM\Desktop\ProjectFile\TestURP\Library\PackageCache\com.unity.visualscripting@1.8.0\Editor\VisualScripting.Core\Dependencies\YamlDotNet\Unity.VisualScripting.YamlDotNet.dll
Symbol file LoadedFromMemory doesn't match image C:\Users\LCM\Desktop\ProjectFile\TestURP\Library\PackageCache\com.unity.visualscripting@1.8.0\Editor\VisualScripting.Core\Dependencies\DotNetZip\Unity.VisualScripting.IonicZip.dll
Native extension for WindowsStandalone target not found
Native extension for Android target not found
Refreshing native plugins compatible for Editor in 5.07 ms, found 4 plugins.
Preloading 0 native plugins for Editor in 0.00 ms.
Mono: successfully reloaded assembly
- Completed reload, in  2.164 seconds
Domain Reload Profiling:
	ReloadAssembly (2166ms)
		BeginReloadAssembly (215ms)
			ExecutionOrderSort (0ms)
			DisableScriptedObjects (8ms)
			BackupInstance (0ms)
			ReleaseScriptingObjects (0ms)
			CreateAndSetChildDomain (55ms)
		EndReloadAssembly (1822ms)
			LoadAssemblies (239ms)
			RebuildTransferFunctionScriptingTraits (0ms)
			SetupTypeCache (400ms)
			ReleaseScriptCaches (2ms)
			RebuildScriptCaches (112ms)
			SetupLoadedEditorAssemblies (856ms)
				LogAssemblyErrors (0ms)
				InitializePlatformSupportModulesInManaged (45ms)
				SetLoadedEditorAssemblies (1ms)
				RefreshPlugins (5ms)
				BeforeProcessingInitializeOnLoad (245ms)
				ProcessInitializeOnLoadAttributes (417ms)
				ProcessInitializeOnLoadMethodAttributes (129ms)
				AfterProcessingInitializeOnLoad (15ms)
				EditorAssembliesLoaded (0ms)
			ExecutionOrderSort2 (0ms)
			AwakeInstancesAfterBackupRestoration (25ms)
Platform modules already initialized, skipping
Refreshing native plugins compatible for Editor in 5.68 ms, found 4 plugins.
Preloading 0 native plugins for Editor in 0.00 ms.
Unloading 6034 Unused Serialized files (Serialized files now loaded: 0)
Unloading 49 unused Assets / (2.4 MB). Loaded Objects now: 6925.
Memory consumption went from 256.2 MB to 253.8 MB.
Total: 9.901800 ms (FindLiveObjects: 0.539800 ms CreateObjectMapping: 0.452600 ms MarkObjects: 7.967000 ms  DeleteObjects: 0.941200 ms)

AssetImportParameters requested are different than current active one (requested -> active):
  custom:video-decoder-ogg-theora: a1e56fd34408186e4bbccfd4996cb3dc -> 
  custom:container-muxer-webm: aa71ff27fc2769a1b78a27578f13a17b -> 
  custom:container-demuxer-webm: 4f35f7cbe854078d1ac9338744f61a02 -> 
  custom:video-encoder-webm-vp8: eb34c28f22e8b96e1ab97ce403110664 -> 
  custom:audio-encoder-webm-vorbis: bf7c407c2cedff20999df2af8eb42d56 -> 
  custom:framework-win-MediaFoundation: 216162199b28c13a410421893ffa2e32 -> 
  custom:container-demuxer-ogg: 62fdf1f143b41e24485cea50d1cbac27 -> 
  custom:video-decoder-webm-vp8: 9c59270c3fd7afecdb556c50c9e8de78 -> 
  custom:audio-decoder-ogg-vorbis: bf7c407c2cedff20999df2af8eb42d56 -> 
========================================================================
Received Import Request.
  Time since last request: 1428.680550 seconds.
  path: Assets/Epic Toon FX/Prefabs/Combat/Brawling/Soft/SoftBodySlam.prefab
  artifactKey: Guid(a07608802ac497743a7f19f6633fdd70) Importer(815301076,1909f56bfc062723c751e8b465ee728b)
Start importing Assets/Epic Toon FX/Prefabs/Combat/Brawling/Soft/SoftBodySlam.prefab using Guid(a07608802ac497743a7f19f6633fdd70) Importer(815301076,1909f56bfc062723c751e8b465ee728b)  -> (artifact id: 'd106cd2a71d8e990ff0deaa2040878c9') in 0.203903 seconds 
========================================================================
Received Import Request.
  Time since last request: 13.989203 seconds.
  path: Assets/Epic Toon FX/Prefabs/Combat/Nova/Fire/NovaFireGreen.prefab
  artifactKey: Guid(fe954fe78988dd34d97f7c9b0341112a) Importer(815301076,1909f56bfc062723c751e8b465ee728b)
Start importing Assets/Epic Toon FX/Prefabs/Combat/Nova/Fire/NovaFireGreen.prefab using Guid(fe954fe78988dd34d97f7c9b0341112a) Importer(815301076,1909f56bfc062723c751e8b465ee728b)  -> (artifact id: '12c952351fefa51282eab1268b2eacbd') in 0.048060 seconds 
========================================================================
Received Import Request.
  Time since last request: 0.000052 seconds.
  path: Assets/Epic Toon FX/Prefabs/Combat/Nova/Fire/NovaFirePink.prefab
  artifactKey: Guid(dadd1929e4ac43047b16074d7bcb5ee6) Importer(815301076,1909f56bfc062723c751e8b465ee728b)
Start importing Assets/Epic Toon FX/Prefabs/Combat/Nova/Fire/NovaFirePink.prefab using Guid(dadd1929e4ac43047b16074d7bcb5ee6) Importer(815301076,1909f56bfc062723c751e8b465ee728b)  -> (artifact id: 'a02f7082a017610f716dbd82a36c36d8') in 0.081796 seconds 
========================================================================
Received Import Request.
  Time since last request: 26.223030 seconds.
  path: Assets/Epic Toon FX/Prefabs/Combat/Explosions/LightningExplosion/LightningExplosionGreen.prefab
  artifactKey: Guid(8d867acabedb0f24196923f84f10c13a) Importer(815301076,1909f56bfc062723c751e8b465ee728b)
Start importing Assets/Epic Toon FX/Prefabs/Combat/Explosions/LightningExplosion/LightningExplosionGreen.prefab using Guid(8d867acabedb0f24196923f84f10c13a) Importer(815301076,1909f56bfc062723c751e8b465ee728b)  -> (artifact id: '9e9ff093542b933159b0abbdcbb50714') in 0.100925 seconds 
========================================================================
Received Import Request.
  Time since last request: 0.000024 seconds.
  path: Assets/Epic Toon FX/Prefabs/Combat/Explosions/LightningExplosion/LightningExplosionYellow.prefab
  artifactKey: Guid(1b1f4eecb848b384f93fd0216a95f56e) Importer(815301076,1909f56bfc062723c751e8b465ee728b)
Start importing Assets/Epic Toon FX/Prefabs/Combat/Explosions/LightningExplosion/LightningExplosionYellow.prefab using Guid(1b1f4eecb848b384f93fd0216a95f56e) Importer(815301076,1909f56bfc062723c751e8b465ee728b)  -> (artifact id: '7d0523d27b423be6d4e42aa899349602') in 0.087456 seconds 
========================================================================
Received Import Request.
  Time since last request: 6.406083 seconds.
  path: Assets/Epic Toon FX/Prefabs/Combat/Explosions/NovaExplosion/ExplosionNovaFire.prefab
  artifactKey: Guid(ec1c5863f61e8ff4a84dbdb8a282a7ac) Importer(815301076,1909f56bfc062723c751e8b465ee728b)
Start importing Assets/Epic Toon FX/Prefabs/Combat/Explosions/NovaExplosion/ExplosionNovaFire.prefab using Guid(ec1c5863f61e8ff4a84dbdb8a282a7ac) Importer(815301076,1909f56bfc062723c751e8b465ee728b)  -> (artifact id: 'a6841aa4166f5ecc69ab3347995aa795') in 0.158728 seconds 
========================================================================
Received Import Request.
  Time since last request: 0.000028 seconds.
  path: Assets/Epic Toon FX/Prefabs/Combat/Explosions/NovaExplosion/ExplosionNovaGreen.prefab
  artifactKey: Guid(b69cacae8a5b6f24ea06ba15a8bb910e) Importer(815301076,1909f56bfc062723c751e8b465ee728b)
Start importing Assets/Epic Toon FX/Prefabs/Combat/Explosions/NovaExplosion/ExplosionNovaGreen.prefab using Guid(b69cacae8a5b6f24ea06ba15a8bb910e) Importer(815301076,1909f56bfc062723c751e8b465ee728b)  -> (artifact id: 'f88182a2fe2cc971e0b57f81bfd2c907') in 0.115150 seconds 
========================================================================
Received Import Request.
  Time since last request: 3.358242 seconds.
  path: Assets/Epic Toon FX/Prefabs/Combat/Explosions/MagicNovaExplosion/MagicNovaExplosionFire.prefab
  artifactKey: Guid(3bc5000d25fb154448f96dd3c713e545) Importer(815301076,1909f56bfc062723c751e8b465ee728b)
Start importing Assets/Epic Toon FX/Prefabs/Combat/Explosions/MagicNovaExplosion/MagicNovaExplosionFire.prefab using Guid(3bc5000d25fb154448f96dd3c713e545) Importer(815301076,1909f56bfc062723c751e8b465ee728b)  -> (artifact id: '6a488283ca5585e308ad13fc2055276b') in 0.085440 seconds 
========================================================================
Received Import Request.
  Time since last request: 0.000029 seconds.
  path: Assets/Epic Toon FX/Prefabs/Combat/Explosions/MagicNovaExplosion/MagicNovaExplosionPink.prefab
  artifactKey: Guid(fde1a3f6ce1c3f54d9ad340f91e02ea4) Importer(815301076,1909f56bfc062723c751e8b465ee728b)
Start importing Assets/Epic Toon FX/Prefabs/Combat/Explosions/MagicNovaExplosion/MagicNovaExplosionPink.prefab using Guid(fde1a3f6ce1c3f54d9ad340f91e02ea4) Importer(815301076,1909f56bfc062723c751e8b465ee728b)  -> (artifact id: 'e844ecdc754e6545a8be4aaa1fc92132') in 0.053219 seconds 
========================================================================
Received Import Request.
  Time since last request: 0.000039 seconds.
  path: Assets/Epic Toon FX/Prefabs/Combat/Explosions/MagicNovaExplosion/MagicNovaExplosionGreen.prefab
  artifactKey: Guid(088a2305698fbda4987e422b6bb5e4c2) Importer(815301076,1909f56bfc062723c751e8b465ee728b)
Start importing Assets/Epic Toon FX/Prefabs/Combat/Explosions/MagicNovaExplosion/MagicNovaExplosionGreen.prefab using Guid(088a2305698fbda4987e422b6bb5e4c2) Importer(815301076,1909f56bfc062723c751e8b465ee728b)  -> (artifact id: '4c9fed675245ea6915f84f7984a80d1a') in 0.034488 seconds 
========================================================================
Received Import Request.
  Time since last request: 13.126691 seconds.
  path: Assets/Epic Toon FX/Prefabs/Combat/Explosions/MysticExplosion/MysticExplosionOrange.prefab
  artifactKey: Guid(a4ae1c79c8256e84d8a5d48ee87b61b7) Importer(815301076,1909f56bfc062723c751e8b465ee728b)
Start importing Assets/Epic Toon FX/Prefabs/Combat/Explosions/MysticExplosion/MysticExplosionOrange.prefab using Guid(a4ae1c79c8256e84d8a5d48ee87b61b7) Importer(815301076,1909f56bfc062723c751e8b465ee728b)  -> (artifact id: 'fc9939e4812bd32f8f7684c072c05b3f') in 0.027213 seconds 
========================================================================
Received Import Request.
  Time since last request: 0.541229 seconds.
  path: Assets/Epic Toon FX/Prefabs/Combat/Explosions/MegaExplosion/MegaExplosionPink.prefab
  artifactKey: Guid(3a42f18a610374a469fdfc06cda3fdf4) Importer(815301076,1909f56bfc062723c751e8b465ee728b)
Start importing Assets/Epic Toon FX/Prefabs/Combat/Explosions/MegaExplosion/MegaExplosionPink.prefab using Guid(3a42f18a610374a469fdfc06cda3fdf4) Importer(815301076,1909f56bfc062723c751e8b465ee728b)  -> (artifact id: 'c7a4824b4c2a7c30a2473bb3731b8730') in 0.080393 seconds 
========================================================================
Received Import Request.
  Time since last request: 0.000028 seconds.
  path: Assets/Epic Toon FX/Prefabs/Combat/Explosions/MegaExplosion/MegaExplosionYellow.prefab
  artifactKey: Guid(23ffe291646e5a24cb5322ad0784de8c) Importer(815301076,1909f56bfc062723c751e8b465ee728b)
Start importing Assets/Epic Toon FX/Prefabs/Combat/Explosions/MegaExplosion/MegaExplosionYellow.prefab using Guid(23ffe291646e5a24cb5322ad0784de8c) Importer(815301076,1909f56bfc062723c751e8b465ee728b)  -> (artifact id: 'c1ed340213723f405d23b502a2ae2bc5') in 0.055119 seconds 
========================================================================
Received Import Request.
  Time since last request: 11.347690 seconds.
  path: Assets/Epic Toon FX/Prefabs/Combat/Explosions/StarExplosion/StarExplosionOrange.prefab
  artifactKey: Guid(471088445f741e64c82f447ba7849c30) Importer(815301076,1909f56bfc062723c751e8b465ee728b)
Start importing Assets/Epic Toon FX/Prefabs/Combat/Explosions/StarExplosion/StarExplosionOrange.prefab using Guid(471088445f741e64c82f447ba7849c30) Importer(815301076,1909f56bfc062723c751e8b465ee728b)  -> (artifact id: '884ad092fe4290bb1954314538a93d89') in 0.029725 seconds 
========================================================================
Received Import Request.
  Time since last request: 1.060774 seconds.
  path: Assets/Epic Toon FX/Prefabs/Combat/Explosions/SoulExplosion/SoulExplosionOrange.prefab
  artifactKey: Guid(cbf6e26bfae3a4f48acb9bb79ce1e5da) Importer(815301076,1909f56bfc062723c751e8b465ee728b)
Start importing Assets/Epic Toon FX/Prefabs/Combat/Explosions/SoulExplosion/SoulExplosionOrange.prefab using Guid(cbf6e26bfae3a4f48acb9bb79ce1e5da) Importer(815301076,1909f56bfc062723c751e8b465ee728b)  -> (artifact id: 'f02bae50c0960b17b447cbb88946e706') in 0.033638 seconds 
========================================================================
Received Import Request.
  Time since last request: 5.151498 seconds.
  path: Assets/Epic Toon FX/Prefabs/Combat/Explosions/BulletExplosion/BulletExplosionGreen.prefab
  artifactKey: Guid(bfbeddd8307f4e441aa8ae4537bf45ad) Importer(815301076,1909f56bfc062723c751e8b465ee728b)
Start importing Assets/Epic Toon FX/Prefabs/Combat/Explosions/BulletExplosion/BulletExplosionGreen.prefab using Guid(bfbeddd8307f4e441aa8ae4537bf45ad) Importer(815301076,1909f56bfc062723c751e8b465ee728b)  -> (artifact id: '791e9a6909a177be49a62f1a4f7381da') in 0.030057 seconds 
========================================================================
Received Import Request.
  Time since last request: 6.071818 seconds.
  path: Assets/Epic Toon FX/Prefabs/Combat/Explosions/EnergyExplosion/EnergyExplosionPink.prefab
  artifactKey: Guid(6c7761bc9a843da409235177477c7db3) Importer(815301076,1909f56bfc062723c751e8b465ee728b)
Start importing Assets/Epic Toon FX/Prefabs/Combat/Explosions/EnergyExplosion/EnergyExplosionPink.prefab using Guid(6c7761bc9a843da409235177477c7db3) Importer(815301076,1909f56bfc062723c751e8b465ee728b)  -> (artifact id: 'c24fdbb373c8e770bd0ce42da6c0b5e5') in 0.029734 seconds 
========================================================================
Received Import Request.
  Time since last request: 4.258459 seconds.
  path: Assets/Epic Toon FX/Prefabs/Combat/Explosions/FireballRoundExplosion/ExplosionFireballGreen.prefab
  artifactKey: Guid(2c82b2af38b82f442bd9a24539b8d33c) Importer(815301076,1909f56bfc062723c751e8b465ee728b)
Start importing Assets/Epic Toon FX/Prefabs/Combat/Explosions/FireballRoundExplosion/ExplosionFireballGreen.prefab using Guid(2c82b2af38b82f442bd9a24539b8d33c) Importer(815301076,1909f56bfc062723c751e8b465ee728b)  -> (artifact id: '199bc18e83a70ddfa6aba66bdfa2531f') in 0.044647 seconds 
========================================================================
Received Import Request.
  Time since last request: 0.515293 seconds.
  path: Assets/Epic Toon FX/Prefabs/Combat/Explosions/FlashExplosion/FlashExplosionPink.prefab
  artifactKey: Guid(9512773bce5218343a8e521647e7865f) Importer(815301076,1909f56bfc062723c751e8b465ee728b)
Start importing Assets/Epic Toon FX/Prefabs/Combat/Explosions/FlashExplosion/FlashExplosionPink.prefab using Guid(9512773bce5218343a8e521647e7865f) Importer(815301076,1909f56bfc062723c751e8b465ee728b)  -> (artifact id: 'ce97fa516735db8dae21f3da5c3d83c1') in 0.040588 seconds 
========================================================================
Received Import Request.
  Time since last request: 7.238970 seconds.
  path: Assets/Epic Toon FX/Prefabs/Combat/Explosions/GasExplosion/GasExplosionGreen.prefab
  artifactKey: Guid(a801d5bc64b7dc44e964c45bd6709a7e) Importer(815301076,1909f56bfc062723c751e8b465ee728b)
Start importing Assets/Epic Toon FX/Prefabs/Combat/Explosions/GasExplosion/GasExplosionGreen.prefab using Guid(a801d5bc64b7dc44e964c45bd6709a7e) Importer(815301076,1909f56bfc062723c751e8b465ee728b)  -> (artifact id: '84421a6eca44fda9e08362a1db8ca69b') in 0.082594 seconds 
========================================================================
Received Import Request.
  Time since last request: 0.630785 seconds.
  path: Assets/Epic Toon FX/Prefabs/Combat/Explosions/GrenadeExplosion/GrenadeExplosionGreen.prefab
  artifactKey: Guid(b037048ffb73dc4419b4445789d3a04c) Importer(815301076,1909f56bfc062723c751e8b465ee728b)
Start importing Assets/Epic Toon FX/Prefabs/Combat/Explosions/GrenadeExplosion/GrenadeExplosionGreen.prefab using Guid(b037048ffb73dc4419b4445789d3a04c) Importer(815301076,1909f56bfc062723c751e8b465ee728b)  -> (artifact id: 'f5aa972db23919054f1b5594cedb87bf') in 0.076624 seconds 
========================================================================
Received Import Request.
  Time since last request: 1.212904 seconds.
  path: Assets/Epic Toon FX/Prefabs/Combat/Explosions/LaserExplosion/LaserExplosionGreen.prefab
  artifactKey: Guid(26fd612d281730243a5cb8e108261552) Importer(815301076,1909f56bfc062723c751e8b465ee728b)
Start importing Assets/Epic Toon FX/Prefabs/Combat/Explosions/LaserExplosion/LaserExplosionGreen.prefab using Guid(26fd612d281730243a5cb8e108261552) Importer(815301076,1909f56bfc062723c751e8b465ee728b)  -> (artifact id: '6e9cae21ae1d50569903fcd7fbb72fd5') in 0.036710 seconds 
========================================================================
Received Import Request.
  Time since last request: 0.000029 seconds.
  path: Assets/Epic Toon FX/Prefabs/Combat/Explosions/LaserExplosion/LaserExplosionPink.prefab
  artifactKey: Guid(f86f92fc4481c664091538209b37547e) Importer(815301076,1909f56bfc062723c751e8b465ee728b)
Start importing Assets/Epic Toon FX/Prefabs/Combat/Explosions/LaserExplosion/LaserExplosionPink.prefab using Guid(f86f92fc4481c664091538209b37547e) Importer(815301076,1909f56bfc062723c751e8b465ee728b)  -> (artifact id: '90da40893c9283862fdb6f7317035aaa') in 0.033190 seconds 
========================================================================
Received Import Request.
  Time since last request: 1.807309 seconds.
  path: Assets/Epic Toon FX/Prefabs/Combat/Explosions/LiquidExplosion/LiquidExplosionLava.prefab
  artifactKey: Guid(a13e3c30b47e7aa43a1da0b89a1ef53e) Importer(815301076,1909f56bfc062723c751e8b465ee728b)
Start importing Assets/Epic Toon FX/Prefabs/Combat/Explosions/LiquidExplosion/LiquidExplosionLava.prefab using Guid(a13e3c30b47e7aa43a1da0b89a1ef53e) Importer(815301076,1909f56bfc062723c751e8b465ee728b)  -> (artifact id: '94480614b4c5bf110484e9177da23e6d') in 0.046861 seconds 
========================================================================
Received Import Request.
  Time since last request: 0.000036 seconds.
  path: Assets/Epic Toon FX/Prefabs/Combat/Explosions/LiquidExplosion/LiquidExplosionWaterClearBig.prefab
  artifactKey: Guid(accde411a04fa0a44a831fe628da0cd9) Importer(815301076,1909f56bfc062723c751e8b465ee728b)
Start importing Assets/Epic Toon FX/Prefabs/Combat/Explosions/LiquidExplosion/LiquidExplosionWaterClearBig.prefab using Guid(accde411a04fa0a44a831fe628da0cd9) Importer(815301076,1909f56bfc062723c751e8b465ee728b)  -> (artifact id: '7f02829e99f881f3aeee8b39fd32068b') in 0.043418 seconds 
========================================================================
Received Import Request.
  Time since last request: 0.000034 seconds.
  path: Assets/Epic Toon FX/Prefabs/Combat/Explosions/LiquidExplosion/LiquidExplosionLavaBig.prefab
  artifactKey: Guid(ed028a6d587fa3842852235eb6015fe7) Importer(815301076,1909f56bfc062723c751e8b465ee728b)
Start importing Assets/Epic Toon FX/Prefabs/Combat/Explosions/LiquidExplosion/LiquidExplosionLavaBig.prefab using Guid(ed028a6d587fa3842852235eb6015fe7) Importer(815301076,1909f56bfc062723c751e8b465ee728b)  -> (artifact id: '72323f87b65d2eeeba68517a3e58f0dd') in 0.054700 seconds 
========================================================================
Received Import Request.
  Time since last request: 0.514651 seconds.
  path: Assets/Epic Toon FX/Prefabs/Combat/Explosions/MagicExplosion/MagicExplosionGreen.prefab
  artifactKey: Guid(ded43eaee385aa94eafade73f78babdb) Importer(815301076,1909f56bfc062723c751e8b465ee728b)
Start importing Assets/Epic Toon FX/Prefabs/Combat/Explosions/MagicExplosion/MagicExplosionGreen.prefab using Guid(ded43eaee385aa94eafade73f78babdb) Importer(815301076,1909f56bfc062723c751e8b465ee728b)  -> (artifact id: '8b22dc0a056ef19706e290df90a625a6') in 0.237929 seconds 
========================================================================
Received Import Request.
  Time since last request: 1.374784 seconds.
  path: Assets/Epic Toon FX/Prefabs/Combat/Explosions/MagicSoftExplosion/MagicSoftExplosionGreen.prefab
  artifactKey: Guid(62bc425171c9c964ba37f4fde2b18e46) Importer(815301076,1909f56bfc062723c751e8b465ee728b)
Start importing Assets/Epic Toon FX/Prefabs/Combat/Explosions/MagicSoftExplosion/MagicSoftExplosionGreen.prefab using Guid(62bc425171c9c964ba37f4fde2b18e46) Importer(815301076,1909f56bfc062723c751e8b465ee728b)  -> (artifact id: '2b28c68d267c6ecad932510006ac1bf8') in 0.023897 seconds 
========================================================================
Received Import Request.
  Time since last request: 8.272555 seconds.
  path: Assets/Epic Toon FX/Prefabs/Combat/Explosions/SharpExplosion/SharpExplosionGreen.prefab
  artifactKey: Guid(e24939c1016afa144bce090cffb5a01b) Importer(815301076,1909f56bfc062723c751e8b465ee728b)
Start importing Assets/Epic Toon FX/Prefabs/Combat/Explosions/SharpExplosion/SharpExplosionGreen.prefab using Guid(e24939c1016afa144bce090cffb5a01b) Importer(815301076,1909f56bfc062723c751e8b465ee728b)  -> (artifact id: '9b8f8b399030fa110a005f7534abbce2') in 0.040117 seconds 
========================================================================
Received Import Request.
  Time since last request: 8.742548 seconds.
  path: Assets/Epic Toon FX/Prefabs/Combat/Explosions/SparkleExplosion/SparkleExplosionPink.prefab
  artifactKey: Guid(e87d77b2ce40fbb4cb11a13a0ec604cd) Importer(815301076,1909f56bfc062723c751e8b465ee728b)
Start importing Assets/Epic Toon FX/Prefabs/Combat/Explosions/SparkleExplosion/SparkleExplosionPink.prefab using Guid(e87d77b2ce40fbb4cb11a13a0ec604cd) Importer(815301076,1909f56bfc062723c751e8b465ee728b)  -> (artifact id: '33443b22e3f33a3eee0a6ac22c63d2b1') in 0.038401 seconds 
========================================================================
Received Import Request.
  Time since last request: 0.000030 seconds.
  path: Assets/Epic Toon FX/Prefabs/Combat/Explosions/SparkleExplosion/SparkleExplosionYellow.prefab
  artifactKey: Guid(70d6dfe08ec8a1447b4822e95e56918e) Importer(815301076,1909f56bfc062723c751e8b465ee728b)
Start importing Assets/Epic Toon FX/Prefabs/Combat/Explosions/SparkleExplosion/SparkleExplosionYellow.prefab using Guid(70d6dfe08ec8a1447b4822e95e56918e) Importer(815301076,1909f56bfc062723c751e8b465ee728b)  -> (artifact id: '7b1d1cf6c9451f24eccd9e224133263c') in 0.024665 seconds 
========================================================================
Received Import Request.
  Time since last request: 14.543743 seconds.
  path: Assets/Epic Toon FX/Prefabs/Combat/Explosions (Misc)/FlashExplosion2.prefab
  artifactKey: Guid(d59453060233d2f49884f7de0b768335) Importer(815301076,1909f56bfc062723c751e8b465ee728b)
Start importing Assets/Epic Toon FX/Prefabs/Combat/Explosions (Misc)/FlashExplosion2.prefab using Guid(d59453060233d2f49884f7de0b768335) Importer(815301076,1909f56bfc062723c751e8b465ee728b)  -> (artifact id: '582826290e20082719b5b3899b943dfa') in 0.029350 seconds 
========================================================================
Received Import Request.
  Time since last request: 0.000022 seconds.
  path: Assets/Epic Toon FX/Prefabs/Combat/Explosions (Misc)/RespawnExplosion.prefab
  artifactKey: Guid(dd46de4320f3d1b4087b5f9c0a24ab36) Importer(815301076,1909f56bfc062723c751e8b465ee728b)
Start importing Assets/Epic Toon FX/Prefabs/Combat/Explosions (Misc)/RespawnExplosion.prefab using Guid(dd46de4320f3d1b4087b5f9c0a24ab36) Importer(815301076,1909f56bfc062723c751e8b465ee728b)  -> (artifact id: '34c1f41bba1c3bdf34111e2bc9131b7f') in 0.039507 seconds 
========================================================================
Received Import Request.
  Time since last request: 0.000035 seconds.
  path: Assets/Epic Toon FX/Prefabs/Combat/Explosions (Misc)/HitDustExplosion.prefab
  artifactKey: Guid(30538aa757d5768459b127b9b70d4362) Importer(815301076,1909f56bfc062723c751e8b465ee728b)
Start importing Assets/Epic Toon FX/Prefabs/Combat/Explosions (Misc)/HitDustExplosion.prefab using Guid(30538aa757d5768459b127b9b70d4362) Importer(815301076,1909f56bfc062723c751e8b465ee728b)  -> (artifact id: '3c3f0669044524ba27c5c6b55d432d33') in 0.026045 seconds 
========================================================================
Received Import Request.
  Time since last request: 0.000027 seconds.
  path: Assets/Epic Toon FX/Prefabs/Combat/Explosions (Misc)/StunStarExplosion.prefab
  artifactKey: Guid(9c3b7f4ace8832b40abe6afe89fbcd91) Importer(815301076,1909f56bfc062723c751e8b465ee728b)
Start importing Assets/Epic Toon FX/Prefabs/Combat/Explosions (Misc)/StunStarExplosion.prefab using Guid(9c3b7f4ace8832b40abe6afe89fbcd91) Importer(815301076,1909f56bfc062723c751e8b465ee728b)  -> (artifact id: 'fbc6ea8cfc1215b0544d3eb758748b0d') in 0.022974 seconds 
========================================================================
Received Import Request.
  Time since last request: 0.000030 seconds.
  path: Assets/Epic Toon FX/Prefabs/Combat/Explosions (Misc)/PoisonExplosion2.prefab
  artifactKey: Guid(b88c37ae0dbc93b41bd1a16d4cd0337d) Importer(815301076,1909f56bfc062723c751e8b465ee728b)
Start importing Assets/Epic Toon FX/Prefabs/Combat/Explosions (Misc)/PoisonExplosion2.prefab using Guid(b88c37ae0dbc93b41bd1a16d4cd0337d) Importer(815301076,1909f56bfc062723c751e8b465ee728b)  -> (artifact id: 'd90f01d8821801b147a0d24e2e68db7a') in 0.030966 seconds 
========================================================================
Received Import Request.
  Time since last request: 0.000027 seconds.
  path: Assets/Epic Toon FX/Prefabs/Combat/Explosions (Misc)/PoisonSkullExplosion.prefab
  artifactKey: Guid(81a6215dbf618d84cae2c6907f947094) Importer(815301076,1909f56bfc062723c751e8b465ee728b)
Start importing Assets/Epic Toon FX/Prefabs/Combat/Explosions (Misc)/PoisonSkullExplosion.prefab using Guid(81a6215dbf618d84cae2c6907f947094) Importer(815301076,1909f56bfc062723c751e8b465ee728b)  -> (artifact id: '06075f711c2db0ee8a615552ad99d5a4') in 0.024118 seconds 
Editor requested this worker to shutdown with reason: Scaling down because of idle timeout
AssetImportWorker is now disconnected from the server
Process exiting
Exiting without the bug reporter. Application will terminate with return code 0